<?xml version="1.0" encoding="UTF-8"?>
<!-- Generated by org.testng.reporters.JUnitXMLReporter -->
<testsuite ignored="0" hostname="LAPTOP-UNPNO2TU" failures="0" tests="4" name="Default test" time="23.057" errors="0" timestamp="2024-03-18T05:15:28 EDT">
  <testcase classname="com.naveenautomation.tests.AccountLoginPageTest" name="validateGetEachCellValue" time="0.621"/>
  <testcase classname="com.naveenautomation.tests.AccountLoginPageTest" name="validateLogin" time="0.673"/>
  <testcase classname="com.naveenautomation.tests.AccountLoginPageTest" name="validateLogin" time="0.63"/>
  <testcase classname="com.naveenautomation.tests.AccountLoginPageTest" name="validateLogin" time="0.668"/>
</testsuite> <!-- Default test -->
