<?xml version="1.0" encoding="UTF-8"?>
<!-- Generated by org.testng.reporters.JUnitXMLReporter -->
<testsuite ignored="1" hostname="LAPTOP-UNPNO2TU" failures="0" tests="4" name="Test" time="22.368" errors="0" timestamp="18 Mar 2024 14:16:06 GMT">
  <testcase classname="com.naveenautomation.tests.AccountLoginPageTest" name="validateGetEachCellValue" time="1.061"/>
  <testcase classname="com.naveenautomation.tests.AccountLoginPageTest" name="validateLogin" time="0.977"/>
  <testcase classname="com.naveenautomation.tests.AccountLoginPageTest" name="validateLogin" time="0.822"/>
  <testcase classname="com.naveenautomation.tests.AccountLoginPageTest" name="validateLogin" time="0.848"/>
  <testcase classname="com.naveenautomation.tests.AddressBookPageTest" name="validateUserCanAddNewAddress" time="0.0">
    <ignored/>
  </testcase> <!-- validateUserCanAddNewAddress -->
</testsuite> <!-- Test -->
