<?xml version="1.0" encoding="UTF-8"?>
<!-- Generated by org.testng.reporters.JUnitXMLReporter -->
<testsuite ignored="0" hostname="LAPTOP-UNPNO2TU" failures="0" tests="4" name="Test" time="14.203" errors="0" timestamp="10 Jun 2024 20:33:03 GMT">
  <testcase classname="com.naveenautomation.tests.MyAccountPageTest" name="validateLogin" time="1.364"/>
  <testcase classname="com.naveenautomation.tests.AccountLogoutPageTest" name="validateSignOutFromMyAccountDropDwn" time="4.091"/>
  <testcase classname="com.naveenautomation.tests.AddressBookPageTest" name="validateSubmitAddress" time="5.88"/>
  <testcase classname="com.naveenautomation.tests.AccountLogoutPageTest" name="validateSignOutFromSideMenuBtn" time="2.396"/>
</testsuite> <!-- Test -->
