<?xml version="1.0" encoding="UTF-8"?>
<testng-results ignored="0" total="4" passed="4" failed="0" skipped="0">
  <reporter-output>
  </reporter-output>
  <suite started-at="2024-06-10T20:32:49Z" name="Suite" finished-at="2024-06-10T20:33:03Z" duration-ms="14203">
    <groups>
    </groups>
    <test started-at="2024-06-10T20:32:49Z" name="Test" finished-at="2024-06-10T20:33:03Z" duration-ms="14203">
      <class name="com.naveenautomation.tests.AccountLogoutPageTest">
        <test-method is-config="true" signature="setUpLogger()[pri:0, instance:com.naveenautomation.tests.AccountLogoutPageTest@61eaec38]" started-at="2024-06-10T20:32:49Z" name="setUpLogger" finished-at="2024-06-10T20:32:49Z" duration-ms="36" status="PASS">
          <reporter-output>
          </reporter-output>
        </test-method> <!-- setUpLogger -->
        <test-method is-config="true" signature="launchBrowser()[pri:0, instance:com.naveenautomation.tests.AccountLogoutPageTest@61eaec38]" started-at="2024-06-10T20:32:50Z" name="launchBrowser" finished-at="2024-06-10T20:32:53Z" duration-ms="3225" status="PASS">
          <reporter-output>
          </reporter-output>
        </test-method> <!-- launchBrowser -->
        <test-method signature="validateSignOutFromMyAccountDropDwn(java.lang.String, java.lang.String)[pri:0, instance:com.naveenautomation.tests.AccountLogoutPageTest@61eaec38]" started-at="2024-06-10T20:32:53Z" name="validateSignOutFromMyAccountDropDwn" data-provider="validLoginData" finished-at="2024-06-10T20:32:57Z" duration-ms="4091" status="PASS">
          <params>
            <param index="0">
              <value>
                <![CDATA[peter@gmail.com]]>
              </value>
            </param>
            <param index="1">
              <value>
                <![CDATA[Password2]]>
              </value>
            </param>
          </params>
          <reporter-output>
          </reporter-output>
        </test-method> <!-- validateSignOutFromMyAccountDropDwn -->
        <test-method is-config="true" signature="closeBrowser()[pri:0, instance:com.naveenautomation.tests.AccountLogoutPageTest@61eaec38]" started-at="2024-06-10T20:32:57Z" name="closeBrowser" finished-at="2024-06-10T20:32:57Z" duration-ms="71" status="PASS">
          <reporter-output>
          </reporter-output>
        </test-method> <!-- closeBrowser -->
        <test-method is-config="true" signature="launchBrowser()[pri:0, instance:com.naveenautomation.tests.AccountLogoutPageTest@61eaec38]" started-at="2024-06-10T20:32:57Z" name="launchBrowser" finished-at="2024-06-10T20:33:01Z" duration-ms="3604" status="PASS">
          <reporter-output>
          </reporter-output>
        </test-method> <!-- launchBrowser -->
        <test-method signature="validateSignOutFromSideMenuBtn(java.lang.String, java.lang.String)[pri:0, instance:com.naveenautomation.tests.AccountLogoutPageTest@61eaec38]" started-at="2024-06-10T20:33:01Z" name="validateSignOutFromSideMenuBtn" data-provider="validLoginData" finished-at="2024-06-10T20:33:03Z" duration-ms="2396" status="PASS">
          <params>
            <param index="0">
              <value>
                <![CDATA[peter@gmail.com]]>
              </value>
            </param>
            <param index="1">
              <value>
                <![CDATA[Password2]]>
              </value>
            </param>
          </params>
          <reporter-output>
          </reporter-output>
        </test-method> <!-- validateSignOutFromSideMenuBtn -->
        <test-method is-config="true" signature="closeBrowser()[pri:0, instance:com.naveenautomation.tests.AccountLogoutPageTest@61eaec38]" started-at="2024-06-10T20:33:03Z" name="closeBrowser" finished-at="2024-06-10T20:33:03Z" duration-ms="72" status="PASS">
          <reporter-output>
          </reporter-output>
        </test-method> <!-- closeBrowser -->
      </class> <!-- com.naveenautomation.tests.AccountLogoutPageTest -->
      <class name="com.naveenautomation.tests.MyAccountPageTest">
        <test-method is-config="true" signature="setUpLogger()[pri:0, instance:com.naveenautomation.tests.MyAccountPageTest@6fa34d52]" started-at="2024-06-10T20:32:49Z" name="setUpLogger" finished-at="2024-06-10T20:32:49Z" duration-ms="36" status="PASS">
          <reporter-output>
          </reporter-output>
        </test-method> <!-- setUpLogger -->
        <test-method is-config="true" signature="launchBrowser()[pri:0, instance:com.naveenautomation.tests.MyAccountPageTest@6fa34d52]" started-at="2024-06-10T20:32:50Z" name="launchBrowser" finished-at="2024-06-10T20:32:54Z" duration-ms="4684" status="PASS">
          <reporter-output>
          </reporter-output>
        </test-method> <!-- launchBrowser -->
        <test-method signature="validateLogin(java.lang.String, java.lang.String)[pri:0, instance:com.naveenautomation.tests.MyAccountPageTest@6fa34d52]" started-at="2024-06-10T20:32:54Z" name="validateLogin" data-provider="validLoginData" finished-at="2024-06-10T20:32:56Z" duration-ms="1364" status="PASS">
          <params>
            <param index="0">
              <value>
                <![CDATA[peter@gmail.com]]>
              </value>
            </param>
            <param index="1">
              <value>
                <![CDATA[Password2]]>
              </value>
            </param>
          </params>
          <reporter-output>
          </reporter-output>
        </test-method> <!-- validateLogin -->
        <test-method is-config="true" signature="closeBrowser()[pri:0, instance:com.naveenautomation.tests.MyAccountPageTest@6fa34d52]" started-at="2024-06-10T20:32:56Z" name="closeBrowser" finished-at="2024-06-10T20:32:56Z" duration-ms="191" status="PASS">
          <reporter-output>
          </reporter-output>
        </test-method> <!-- closeBrowser -->
      </class> <!-- com.naveenautomation.tests.MyAccountPageTest -->
      <class name="com.naveenautomation.tests.AddressBookPageTest">
        <test-method is-config="true" signature="setUpLogger()[pri:0, instance:com.naveenautomation.tests.AddressBookPageTest@125290e5]" started-at="2024-06-10T20:32:49Z" name="setUpLogger" finished-at="2024-06-10T20:32:49Z" duration-ms="36" status="PASS">
          <reporter-output>
          </reporter-output>
        </test-method> <!-- setUpLogger -->
        <test-method is-config="true" signature="launchBrowser()[pri:0, instance:com.naveenautomation.tests.AddressBookPageTest@125290e5]" started-at="2024-06-10T20:32:50Z" name="launchBrowser" finished-at="2024-06-10T20:32:55Z" duration-ms="5079" status="PASS">
          <reporter-output>
          </reporter-output>
        </test-method> <!-- launchBrowser -->
        <test-method signature="validateSubmitAddress(java.lang.String, java.lang.String, java.lang.String, java.lang.String, java.lang.String, java.lang.String, java.lang.String, java.lang.String, java.lang.String, java.lang.String, java.lang.String)[pri:0, instance:com.naveenautomation.tests.AddressBookPageTest@125290e5]" started-at="2024-06-10T20:32:55Z" name="validateSubmitAddress" data-provider="validAddressData" finished-at="2024-06-10T20:33:01Z" duration-ms="5880" status="PASS">
          <params>
            <param index="0">
              <value>
                <![CDATA[peter@gmail.com]]>
              </value>
            </param>
            <param index="1">
              <value>
                <![CDATA[Password2]]>
              </value>
            </param>
            <param index="2">
              <value>
                <![CDATA[Peter]]>
              </value>
            </param>
            <param index="3">
              <value>
                <![CDATA[S]]>
              </value>
            </param>
            <param index="4">
              <value>
                <![CDATA[Toronto]]>
              </value>
            </param>
            <param index="5">
              <value>
                <![CDATA[123 Road]]>
              </value>
            </param>
            <param index="6">
              <value>
                <![CDATA[M9W3M3]]>
              </value>
            </param>
            <param index="7">
              <value>
                <![CDATA[Canada]]>
              </value>
            </param>
            <param index="8">
              <value>
                <![CDATA[Ontario]]>
              </value>
            </param>
            <param index="9">
              <value>
                <![CDATA[38]]>
              </value>
            </param>
            <param index="10">
              <value>
                <![CDATA[610]]>
              </value>
            </param>
          </params>
          <reporter-output>
          </reporter-output>
        </test-method> <!-- validateSubmitAddress -->
        <test-method is-config="true" signature="closeBrowser()[pri:0, instance:com.naveenautomation.tests.AddressBookPageTest@125290e5]" started-at="2024-06-10T20:33:01Z" name="closeBrowser" finished-at="2024-06-10T20:33:01Z" duration-ms="107" status="PASS">
          <reporter-output>
          </reporter-output>
        </test-method> <!-- closeBrowser -->
      </class> <!-- com.naveenautomation.tests.AddressBookPageTest -->
    </test> <!-- Test -->
  </suite> <!-- Suite -->
</testng-results>
