<?xml version="1.0" encoding="UTF-8"?>
<testsuite xmlns:xsi="http://www.w3.org/2001/XMLSchema-instance" xsi:noNamespaceSchemaLocation="https://maven.apache.org/surefire/maven-surefire-plugin/xsd/surefire-test-report.xsd" name="TestSuite" time="15.283" tests="4" errors="0" skipped="0" failures="0">
  <properties>
[...]
</properties>
  <testcase name="validateLogin" classname="com.naveenautomation.tests.MyAccountPageTest" time="0.983"/>
  <testcase name="validateSignOutFromMyAccountDropDwn" classname="com.naveenautomation.tests.AccountLogoutPageTest" time="2.232"/>
  <testcase name="validateSubmitAddress" classname="com.naveenautomation.tests.AddressBookPageTest" time="5.879"/>
  <testcase name="validateSignOutFromSideMenuBtn" classname="com.naveenautomation.tests.AccountLogoutPageTest" time="2.395"/>
</testsuite>