<?xml version="1.0" encoding="UTF-8"?>
<testng-results ignored="1" total="5" passed="4" failed="0" skipped="0">
  <reporter-output>
  </reporter-output>
  <suite started-at="2024-03-18T14:15:44Z" name="Suite" finished-at="2024-03-18T14:16:06Z" duration-ms="22368">
    <groups>
    </groups>
    <test started-at="2024-03-18T14:15:44Z" name="Test" finished-at="2024-03-18T14:16:06Z" duration-ms="22368">
      <class name="com.naveenautomation.tests.AccountLoginPageTest">
        <test-method is-config="true" signature="setUpLogger()[pri:0, instance:com.naveenautomation.tests.AccountLoginPageTest@6337c201]" started-at="2024-03-18T14:15:44Z" name="setUpLogger" finished-at="2024-03-18T14:15:44Z" duration-ms="58" status="PASS">
          <reporter-output>
          </reporter-output>
        </test-method> <!-- setUpLogger -->
        <test-method is-config="true" signature="launchBrowser()[pri:0, instance:com.naveenautomation.tests.AccountLoginPageTest@6337c201]" started-at="2024-03-18T14:15:44Z" name="launchBrowser" finished-at="2024-03-18T14:15:49Z" duration-ms="5365" status="PASS">
          <reporter-output>
          </reporter-output>
        </test-method> <!-- launchBrowser -->
        <test-method signature="validateGetEachCellValue()[pri:0, instance:com.naveenautomation.tests.AccountLoginPageTest@6337c201]" started-at="2024-03-18T14:15:49Z" name="validateGetEachCellValue" finished-at="2024-03-18T14:15:50Z" duration-ms="1061" status="PASS">
          <reporter-output>
          </reporter-output>
        </test-method> <!-- validateGetEachCellValue -->
        <test-method is-config="true" signature="closeBrowser()[pri:0, instance:com.naveenautomation.tests.AccountLoginPageTest@6337c201]" started-at="2024-03-18T14:15:51Z" name="closeBrowser" finished-at="2024-03-18T14:15:51Z" duration-ms="244" status="PASS">
          <reporter-output>
          </reporter-output>
        </test-method> <!-- closeBrowser -->
        <test-method is-config="true" signature="launchBrowser()[pri:0, instance:com.naveenautomation.tests.AccountLoginPageTest@6337c201]" started-at="2024-03-18T14:15:51Z" name="launchBrowser" finished-at="2024-03-18T14:15:55Z" duration-ms="3871" status="PASS">
          <reporter-output>
          </reporter-output>
        </test-method> <!-- launchBrowser -->
        <test-method signature="validateLogin(java.lang.String, java.lang.String)[pri:0, instance:com.naveenautomation.tests.AccountLoginPageTest@6337c201]" started-at="2024-03-18T14:15:55Z" name="validateLogin" data-provider="LoginData" finished-at="2024-03-18T14:15:56Z" duration-ms="977" status="PASS">
          <params>
            <param index="0">
              <value>
                <![CDATA[paula@gmail.com]]>
              </value>
            </param>
            <param index="1">
              <value>
                <![CDATA[paula]]>
              </value>
            </param>
          </params>
          <reporter-output>
          </reporter-output>
        </test-method> <!-- validateLogin -->
        <test-method is-config="true" signature="closeBrowser()[pri:0, instance:com.naveenautomation.tests.AccountLoginPageTest@6337c201]" started-at="2024-03-18T14:15:56Z" name="closeBrowser" finished-at="2024-03-18T14:15:56Z" duration-ms="161" status="PASS">
          <reporter-output>
          </reporter-output>
        </test-method> <!-- closeBrowser -->
        <test-method is-config="true" signature="launchBrowser()[pri:0, instance:com.naveenautomation.tests.AccountLoginPageTest@6337c201]" started-at="2024-03-18T14:15:56Z" name="launchBrowser" finished-at="2024-03-18T14:16:01Z" duration-ms="4395" status="PASS">
          <reporter-output>
          </reporter-output>
        </test-method> <!-- launchBrowser -->
        <test-method signature="validateLogin(java.lang.String, java.lang.String)[pri:0, instance:com.naveenautomation.tests.AccountLoginPageTest@6337c201]" started-at="2024-03-18T14:16:01Z" name="validateLogin" data-provider="LoginData" finished-at="2024-03-18T14:16:01Z" duration-ms="822" status="PASS">
          <params>
            <param index="0">
              <value>
                <![CDATA[dean@gmail.com]]>
              </value>
            </param>
            <param index="1">
              <value>
                <![CDATA[dean]]>
              </value>
            </param>
          </params>
          <reporter-output>
          </reporter-output>
        </test-method> <!-- validateLogin -->
        <test-method is-config="true" signature="closeBrowser()[pri:0, instance:com.naveenautomation.tests.AccountLoginPageTest@6337c201]" started-at="2024-03-18T14:16:01Z" name="closeBrowser" finished-at="2024-03-18T14:16:02Z" duration-ms="190" status="PASS">
          <reporter-output>
          </reporter-output>
        </test-method> <!-- closeBrowser -->
        <test-method is-config="true" signature="launchBrowser()[pri:0, instance:com.naveenautomation.tests.AccountLoginPageTest@6337c201]" started-at="2024-03-18T14:16:02Z" name="launchBrowser" finished-at="2024-03-18T14:16:05Z" duration-ms="3504" status="PASS">
          <reporter-output>
          </reporter-output>
        </test-method> <!-- launchBrowser -->
        <test-method signature="validateLogin(java.lang.String, java.lang.String)[pri:0, instance:com.naveenautomation.tests.AccountLoginPageTest@6337c201]" started-at="2024-03-18T14:16:05Z" name="validateLogin" data-provider="LoginData" finished-at="2024-03-18T14:16:06Z" duration-ms="848" status="PASS">
          <params>
            <param index="0">
              <value>
                <![CDATA[sammy@gmail.com]]>
              </value>
            </param>
            <param index="1">
              <value>
                <![CDATA[sammy]]>
              </value>
            </param>
          </params>
          <reporter-output>
          </reporter-output>
        </test-method> <!-- validateLogin -->
        <test-method is-config="true" signature="closeBrowser()[pri:0, instance:com.naveenautomation.tests.AccountLoginPageTest@6337c201]" started-at="2024-03-18T14:16:06Z" name="closeBrowser" finished-at="2024-03-18T14:16:06Z" duration-ms="124" status="PASS">
          <reporter-output>
          </reporter-output>
        </test-method> <!-- closeBrowser -->
      </class> <!-- com.naveenautomation.tests.AccountLoginPageTest -->
    </test> <!-- Test -->
  </suite> <!-- Suite -->
</testng-results>
