<?xml version="1.0" encoding="UTF-8"?>
<testng-results ignored="0" total="1" passed="1" failed="0" skipped="0">
  <reporter-output>
  </reporter-output>
  <suite started-at="2024-02-18T18:54:44 EST" name="Default suite" finished-at="2024-02-18T18:54:51 EST" duration-ms="6966">
    <groups>
    </groups>
    <test started-at="2024-02-18T18:54:44 EST" name="Default test" finished-at="2024-02-18T18:54:51 EST" duration-ms="6966">
      <class name="com.naveenautomation.tests.RegisterAccountPageTest">
        <test-method is-config="true" signature="launchBrowser()[pri:0, instance:com.naveenautomation.tests.RegisterAccountPageTest@1e6454ec]" started-at="2024-02-18T18:54:44 EST" name="launchBrowser" finished-at="2024-02-18T18:54:48 EST" duration-ms="4392" status="PASS">
          <reporter-output>
          </reporter-output>
        </test-method> <!-- launchBrowser -->
        <test-method signature="validateRegistrationTest()[pri:0, instance:com.naveenautomation.tests.RegisterAccountPageTest@1e6454ec]" started-at="2024-02-18T18:54:48 EST" name="validateRegistrationTest" finished-at="2024-02-18T18:54:51 EST" duration-ms="2437" status="PASS">
          <reporter-output>
          </reporter-output>
        </test-method> <!-- validateRegistrationTest -->
        <test-method is-config="true" signature="closeBrowser()[pri:0, instance:com.naveenautomation.tests.RegisterAccountPageTest@1e6454ec]" started-at="2024-02-18T18:54:51 EST" name="closeBrowser" finished-at="2024-02-18T18:54:51 EST" duration-ms="107" status="PASS">
          <reporter-output>
          </reporter-output>
        </test-method> <!-- closeBrowser -->
      </class> <!-- com.naveenautomation.tests.RegisterAccountPageTest -->
    </test> <!-- Default test -->
  </suite> <!-- Default suite -->
</testng-results>
