<?xml version="1.0" encoding="UTF-8"?>
<testng-results ignored="0" total="4" passed="4" failed="0" skipped="0">
  <reporter-output>
  </reporter-output>
  <suite started-at="2024-03-18T05:15:05 EDT" name="Default suite" finished-at="2024-03-18T05:15:28 EDT" duration-ms="23057">
    <groups>
    </groups>
    <test started-at="2024-03-18T05:15:05 EDT" name="Default test" finished-at="2024-03-18T05:15:28 EDT" duration-ms="23057">
      <class name="com.naveenautomation.tests.AccountLoginPageTest">
        <test-method is-config="true" signature="setUpLogger()[pri:0, instance:com.naveenautomation.tests.AccountLoginPageTest@783a467b]" started-at="2024-03-18T05:15:05 EDT" name="setUpLogger" finished-at="2024-03-18T05:15:06 EDT" duration-ms="335" status="PASS">
          <reporter-output>
          </reporter-output>
        </test-method> <!-- setUpLogger -->
        <test-method is-config="true" signature="launchBrowser()[pri:0, instance:com.naveenautomation.tests.AccountLoginPageTest@783a467b]" started-at="2024-03-18T05:15:06 EDT" name="launchBrowser" finished-at="2024-03-18T05:15:13 EDT" duration-ms="7247" status="PASS">
          <reporter-output>
          </reporter-output>
        </test-method> <!-- launchBrowser -->
        <test-method signature="validateGetEachCellValue()[pri:0, instance:com.naveenautomation.tests.AccountLoginPageTest@783a467b]" started-at="2024-03-18T05:15:13 EDT" name="validateGetEachCellValue" finished-at="2024-03-18T05:15:14 EDT" duration-ms="621" status="PASS">
          <reporter-output>
          </reporter-output>
        </test-method> <!-- validateGetEachCellValue -->
        <test-method is-config="true" signature="closeBrowser()[pri:0, instance:com.naveenautomation.tests.AccountLoginPageTest@783a467b]" started-at="2024-03-18T05:15:14 EDT" name="closeBrowser" finished-at="2024-03-18T05:15:14 EDT" duration-ms="176" status="PASS">
          <reporter-output>
          </reporter-output>
        </test-method> <!-- closeBrowser -->
        <test-method is-config="true" signature="launchBrowser()[pri:0, instance:com.naveenautomation.tests.AccountLoginPageTest@783a467b]" started-at="2024-03-18T05:15:14 EDT" name="launchBrowser" finished-at="2024-03-18T05:15:19 EDT" duration-ms="5171" status="PASS">
          <reporter-output>
          </reporter-output>
        </test-method> <!-- launchBrowser -->
        <test-method signature="validateLogin(java.lang.String,java.lang.String)[pri:0, instance:com.naveenautomation.tests.AccountLoginPageTest@783a467b]" started-at="2024-03-18T05:15:19 EDT" name="validateLogin" data-provider="LoginData" finished-at="2024-03-18T05:15:20 EDT" duration-ms="673" status="PASS">
          <params>
            <param index="0">
              <value>
                <![CDATA[paula@gmail.com]]>
              </value>
            </param>
            <param index="1">
              <value>
                <![CDATA[paula]]>
              </value>
            </param>
          </params>
          <reporter-output>
          </reporter-output>
        </test-method> <!-- validateLogin -->
        <test-method is-config="true" signature="closeBrowser()[pri:0, instance:com.naveenautomation.tests.AccountLoginPageTest@783a467b]" started-at="2024-03-18T05:15:20 EDT" name="closeBrowser" finished-at="2024-03-18T05:15:20 EDT" duration-ms="157" status="PASS">
          <reporter-output>
          </reporter-output>
        </test-method> <!-- closeBrowser -->
        <test-method is-config="true" signature="launchBrowser()[pri:0, instance:com.naveenautomation.tests.AccountLoginPageTest@783a467b]" started-at="2024-03-18T05:15:20 EDT" name="launchBrowser" finished-at="2024-03-18T05:15:23 EDT" duration-ms="3463" status="PASS">
          <reporter-output>
          </reporter-output>
        </test-method> <!-- launchBrowser -->
        <test-method signature="validateLogin(java.lang.String,java.lang.String)[pri:0, instance:com.naveenautomation.tests.AccountLoginPageTest@783a467b]" started-at="2024-03-18T05:15:23 EDT" name="validateLogin" data-provider="LoginData" finished-at="2024-03-18T05:15:24 EDT" duration-ms="630" status="PASS">
          <params>
            <param index="0">
              <value>
                <![CDATA[dean@gmail.com]]>
              </value>
            </param>
            <param index="1">
              <value>
                <![CDATA[dean]]>
              </value>
            </param>
          </params>
          <reporter-output>
          </reporter-output>
        </test-method> <!-- validateLogin -->
        <test-method is-config="true" signature="closeBrowser()[pri:0, instance:com.naveenautomation.tests.AccountLoginPageTest@783a467b]" started-at="2024-03-18T05:15:24 EDT" name="closeBrowser" finished-at="2024-03-18T05:15:24 EDT" duration-ms="169" status="PASS">
          <reporter-output>
          </reporter-output>
        </test-method> <!-- closeBrowser -->
        <test-method is-config="true" signature="launchBrowser()[pri:0, instance:com.naveenautomation.tests.AccountLoginPageTest@783a467b]" started-at="2024-03-18T05:15:24 EDT" name="launchBrowser" finished-at="2024-03-18T05:15:28 EDT" duration-ms="3233" status="PASS">
          <reporter-output>
          </reporter-output>
        </test-method> <!-- launchBrowser -->
        <test-method signature="validateLogin(java.lang.String,java.lang.String)[pri:0, instance:com.naveenautomation.tests.AccountLoginPageTest@783a467b]" started-at="2024-03-18T05:15:28 EDT" name="validateLogin" data-provider="LoginData" finished-at="2024-03-18T05:15:28 EDT" duration-ms="668" status="PASS">
          <params>
            <param index="0">
              <value>
                <![CDATA[sammy@gmail.com]]>
              </value>
            </param>
            <param index="1">
              <value>
                <![CDATA[sammy]]>
              </value>
            </param>
          </params>
          <reporter-output>
          </reporter-output>
        </test-method> <!-- validateLogin -->
        <test-method is-config="true" signature="closeBrowser()[pri:0, instance:com.naveenautomation.tests.AccountLoginPageTest@783a467b]" started-at="2024-03-18T05:15:28 EDT" name="closeBrowser" finished-at="2024-03-18T05:15:28 EDT" duration-ms="163" status="PASS">
          <reporter-output>
          </reporter-output>
        </test-method> <!-- closeBrowser -->
      </class> <!-- com.naveenautomation.tests.AccountLoginPageTest -->
    </test> <!-- Default test -->
  </suite> <!-- Default suite -->
</testng-results>
