<?xml version="1.0" encoding="UTF-8"?>
<!-- Generated by org.testng.reporters.JUnitReportReporter -->
<testsuite hostname="LAPTOP-UNPNO2TU" failures="0" tests="2" name="com.naveenautomation.tests.ContactUsPageTest" time="16.453" errors="0" timestamp="2024-02-21T15:17:17 EST" skipped="0">
  <testcase classname="com.naveenautomation.tests.ContactUsPageTest" name="verifyContactPageTitleTest" time="8.798"/>
  <system-out/>
  <testcase classname="com.naveenautomation.tests.ContactUsPageTest" name="verifySubmitContactDetailsTest" time="7.655"/>
  <system-out/>
</testsuite> <!-- com.naveenautomation.tests.ContactUsPageTest -->
